-------------------------------------
Arquivos .in encontrados no diretório:
-------------------------------------
- ZnO-111.in
- ZnO-112.in
- ZnO-113.in
- ZnO-121.in
- ZnO-122.in
- ZnO-123.in
- ZnO-131.in
- ZnO-132.in
- ZnO-133.in
- ZnO-211.in
- ZnO-212.in
- ZnO-213.in
- ZnO-221.in
- ZnO-222.in
- ZnO-223.in
- ZnO-231.in
- ZnO-232.in
- ZnO-233.in
- ZnO-311.in
- ZnO-312.in
- ZnO-313.in
- ZnO-321.in
- ZnO-322.in
- ZnO-323.in
- ZnO-331.in
- ZnO-332.in
- ZnO-333.in
-------------------------------------
Total de arquivos a processar: 27
-------------------------------------
Iniciando cálculo para ZnO-111.in...
Saída será gravada em ZnO-111.out
Erros serão gravados em ZnO-111.err
Cálculo para ZnO-111.in concluído.
-------------------------------------
Iniciando cálculo para ZnO-112.in...
Saída será gravada em ZnO-112.out
Erros serão gravados em ZnO-112.err
Cálculo para ZnO-112.in concluído.
-------------------------------------
Iniciando cálculo para ZnO-113.in...
Saída será gravada em ZnO-113.out
Erros serão gravados em ZnO-113.err
Cálculo para ZnO-113.in concluído.
-------------------------------------
Iniciando cálculo para ZnO-121.in...
Saída será gravada em ZnO-121.out
Erros serão gravados em ZnO-121.err
Cálculo para ZnO-121.in concluído.
-------------------------------------
Iniciando cálculo para ZnO-122.in...
Saída será gravada em ZnO-122.out
Erros serão gravados em ZnO-122.err
Cálculo para ZnO-122.in concluído.
-------------------------------------
Iniciando cálculo para ZnO-123.in...
Saída será gravada em ZnO-123.out
Erros serão gravados em ZnO-123.err
Cálculo para ZnO-123.in concluído.
-------------------------------------
Iniciando cálculo para ZnO-131.in...
Saída será gravada em ZnO-131.out
Erros serão gravados em ZnO-131.err
Cálculo para ZnO-131.in concluído.
-------------------------------------
Iniciando cálculo para ZnO-132.in...
Saída será gravada em ZnO-132.out
Erros serão gravados em ZnO-132.err
Cálculo para ZnO-132.in concluído.
-------------------------------------
Iniciando cálculo para ZnO-133.in...
Saída será gravada em ZnO-133.out
Erros serão gravados em ZnO-133.err
Cálculo para ZnO-133.in concluído.
-------------------------------------
Iniciando cálculo para ZnO-211.in...
Saída será gravada em ZnO-211.out
Erros serão gravados em ZnO-211.err
Cálculo para ZnO-211.in concluído.
-------------------------------------
Iniciando cálculo para ZnO-212.in...
Saída será gravada em ZnO-212.out
Erros serão gravados em ZnO-212.err
Cálculo para ZnO-212.in concluído.
-------------------------------------
Iniciando cálculo para ZnO-213.in...
Saída será gravada em ZnO-213.out
Erros serão gravados em ZnO-213.err
Cálculo para ZnO-213.in concluído.
-------------------------------------
Iniciando cálculo para ZnO-221.in...
Saída será gravada em ZnO-221.out
Erros serão gravados em ZnO-221.err
Cálculo para ZnO-221.in concluído.
-------------------------------------
Iniciando cálculo para ZnO-222.in...
Saída será gravada em ZnO-222.out
Erros serão gravados em ZnO-222.err
Cálculo para ZnO-222.in concluído.
-------------------------------------
Iniciando cálculo para ZnO-223.in...
Saída será gravada em ZnO-223.out
Erros serão gravados em ZnO-223.err
Cálculo para ZnO-223.in concluído.
-------------------------------------
Iniciando cálculo para ZnO-231.in...
Saída será gravada em ZnO-231.out
Erros serão gravados em ZnO-231.err
Cálculo para ZnO-231.in concluído.
-------------------------------------
Iniciando cálculo para ZnO-232.in...
Saída será gravada em ZnO-232.out
Erros serão gravados em ZnO-232.err
Cálculo para ZnO-232.in concluído.
-------------------------------------
Iniciando cálculo para ZnO-233.in...
Saída será gravada em ZnO-233.out
Erros serão gravados em ZnO-233.err
