2025-07-15 18:54:23,501 - INFO - Found 121 input files to process.
2025-07-15 18:54:23,501 - INFO - Executing job 1/121: ZnO-2.94-1.45-112.in
2025-07-15 18:54:23,502 - INFO - Output will be saved to: /home/jvc/QEspresso7.2/ZnO_database/scripts/cell112.out/ZnO-2.94-1.45-112.out
2025-07-15 18:54:23,502 - INFO - Executing QE job: ZnO-2.94-1.45-112.in (Output: /home/jvc/QEspresso7.2/ZnO_database/scripts/cell112.out/ZnO-2.94-1.45-112.out)
2025-07-15 19:01:05,059 - INFO - Successfully completed: ZnO-2.94-1.45-112.in
2025-07-15 19:01:05,059 - INFO - Executing job 2/121: ZnO-2.94-1.49-112.in
2025-07-15 19:01:05,060 - INFO - Output will be saved to: /home/jvc/QEspresso7.2/ZnO_database/scripts/cell112.out/ZnO-2.94-1.49-112.out
2025-07-15 19:01:05,060 - INFO - Executing QE job: ZnO-2.94-1.49-112.in (Output: /home/jvc/QEspresso7.2/ZnO_database/scripts/cell112.out/ZnO-2.94-1.49-112.out)
2025-07-15 19:07:50,976 - INFO - Successfully completed: ZnO-2.94-1.49-112.in
2025-07-15 19:07:50,976 - INFO - Executing job 3/121: ZnO-2.94-1.52-112.in
2025-07-15 19:07:50,977 - INFO - Output will be saved to: /home/jvc/QEspresso7.2/ZnO_database/scripts/cell112.out/ZnO-2.94-1.52-112.out
2025-07-15 19:07:50,977 - INFO - Executing QE job: ZnO-2.94-1.52-112.in (Output: /home/jvc/QEspresso7.2/ZnO_database/scripts/cell112.out/ZnO-2.94-1.52-112.out)
2025-07-15 19:14:24,575 - INFO - Successfully completed: ZnO-2.94-1.52-112.in
2025-07-15 19:14:24,575 - INFO - Executing job 4/121: ZnO-2.94-1.55-112.in
2025-07-15 19:14:24,576 - INFO - Output will be saved to: /home/jvc/QEspresso7.2/ZnO_database/scripts/cell112.out/ZnO-2.94-1.55-112.out
2025-07-15 19:14:24,576 - INFO - Executing QE job: ZnO-2.94-1.55-112.in (Output: /home/jvc/QEspresso7.2/ZnO_database/scripts/cell112.out/ZnO-2.94-1.55-112.out)
2025-07-15 19:21:04,695 - INFO - Successfully completed: ZnO-2.94-1.55-112.in
2025-07-15 19:21:04,696 - INFO - Executing job 5/121: ZnO-2.94-1.58-112.in
2025-07-15 19:21:04,696 - INFO - Output will be saved to: /home/jvc/QEspresso7.2/ZnO_database/scripts/cell112.out/ZnO-2.94-1.58-112.out
2025-07-15 19:21:04,696 - INFO - Executing QE job: ZnO-2.94-1.58-112.in (Output: /home/jvc/QEspresso7.2/ZnO_database/scripts/cell112.out/ZnO-2.94-1.58-112.out)
2025-07-15 19:28:03,655 - INFO - Successfully completed: ZnO-2.94-1.58-112.in
2025-07-15 19:28:03,655 - INFO - Executing job 6/121: ZnO-2.94-1.61-112.in
2025-07-15 19:28:03,656 - INFO - Output will be saved to: /home/jvc/QEspresso7.2/ZnO_database/scripts/cell112.out/ZnO-2.94-1.61-112.out
2025-07-15 19:28:03,656 - INFO - Executing QE job: ZnO-2.94-1.61-112.in (Output: /home/jvc/QEspresso7.2/ZnO_database/scripts/cell112.out/ZnO-2.94-1.61-112.out)
2025-07-15 19:34:55,132 - INFO - Successfully completed: ZnO-2.94-1.61-112.in
2025-07-15 19:34:55,132 - INFO - Executing job 7/121: ZnO-2.94-1.65-112.in
2025-07-15 19:34:55,132 - INFO - Output will be saved to: /home/jvc/QEspresso7.2/ZnO_database/scripts/cell112.out/ZnO-2.94-1.65-112.out
2025-07-15 19:34:55,133 - INFO - Executing QE job: ZnO-2.94-1.65-112.in (Output: /home/jvc/QEspresso7.2/ZnO_database/scripts/cell112.out/ZnO-2.94-1.65-112.out)
2025-07-15 19:41:49,293 - INFO - Successfully completed: ZnO-2.94-1.65-112.in
2025-07-15 19:41:49,294 - INFO - Executing job 8/121: ZnO-2.94-1.68-112.in
2025-07-15 19:41:49,294 - INFO - Output will be saved to: /home/jvc/QEspresso7.2/ZnO_database/scripts/cell112.out/ZnO-2.94-1.68-112.out
2025-07-15 19:41:49,294 - INFO - Executing QE job: ZnO-2.94-1.68-112.in (Output: /home/jvc/QEspresso7.2/ZnO_database/scripts/cell112.out/ZnO-2.94-1.68-112.out)
2025-07-15 19:48:37,065 - INFO - Successfully completed: ZnO-2.94-1.68-112.in
2025-07-15 19:48:37,065 - INFO - Executing job 9/121: ZnO-2.94-1.71-112.in
2025-07-15 19:48:37,065 - INFO - Output will be saved to: /home/jvc/QEspresso7.2/ZnO_database/scripts/cell112.out/ZnO-2.94-1.71-112.out
2025-07-15 19:48:37,065 - INFO - Executing QE job: ZnO-2.94-1.71-112.in (Output: /home/jvc/QEspresso7.2/ZnO_database/scripts/cell112.out/ZnO-2.94-1.71-112.out)
