--- Registro de Execução ter 15 jul 2025 19:53:16 -03 ---
Input: cell121.in/ | Output: cell121.out
ter 15 jul 2025 19:53:16 -03 - Início: ZnO-2.94-1.45-121
ter 15 jul 2025 19:54:53 -03 - SUCESSO: ZnO-2.94-1.45-121
ter 15 jul 2025 19:54:53 -03 - Início: ZnO-2.94-1.49-121
ter 15 jul 2025 19:56:30 -03 - SUCESSO: ZnO-2.94-1.49-121
ter 15 jul 2025 19:56:30 -03 - Início: ZnO-2.94-1.52-121
ter 15 jul 2025 19:58:07 -03 - SUCESSO: ZnO-2.94-1.52-121
ter 15 jul 2025 19:58:07 -03 - Início: ZnO-2.94-1.55-121
ter 15 jul 2025 19:59:44 -03 - SUCESSO: ZnO-2.94-1.55-121
ter 15 jul 2025 19:59:44 -03 - Início: ZnO-2.94-1.58-121
ter 15 jul 2025 20:01:21 -03 - SUCESSO: ZnO-2.94-1.58-121
ter 15 jul 2025 20:01:21 -03 - Início: ZnO-2.94-1.61-121
ter 15 jul 2025 20:02:58 -03 - SUCESSO: ZnO-2.94-1.61-121
ter 15 jul 2025 20:02:58 -03 - Início: ZnO-2.94-1.65-121
ter 15 jul 2025 20:04:35 -03 - SUCESSO: ZnO-2.94-1.65-121
ter 15 jul 2025 20:04:35 -03 - Início: ZnO-2.94-1.68-121
ter 15 jul 2025 20:06:12 -03 - SUCESSO: ZnO-2.94-1.68-121
ter 15 jul 2025 20:06:12 -03 - Início: ZnO-2.94-1.71-121
ter 15 jul 2025 20:07:49 -03 - SUCESSO: ZnO-2.94-1.71-121
ter 15 jul 2025 20:07:49 -03 - Início: ZnO-2.94-1.74-121
ter 15 jul 2025 20:09:27 -03 - SUCESSO: ZnO-2.94-1.74-121
ter 15 jul 2025 20:09:27 -03 - Início: ZnO-2.94-1.78-121
ter 15 jul 2025 20:11:03 -03 - SUCESSO: ZnO-2.94-1.78-121
ter 15 jul 2025 20:11:03 -03 - Início: ZnO-3.01-1.45-121
ter 15 jul 2025 20:12:41 -03 - SUCESSO: ZnO-3.01-1.45-121
ter 15 jul 2025 20:12:41 -03 - Início: ZnO-3.01-1.49-121
ter 15 jul 2025 20:14:18 -03 - SUCESSO: ZnO-3.01-1.49-121
ter 15 jul 2025 20:14:18 -03 - Início: ZnO-3.01-1.52-121
ter 15 jul 2025 20:15:55 -03 - SUCESSO: ZnO-3.01-1.52-121
ter 15 jul 2025 20:15:55 -03 - Início: ZnO-3.01-1.55-121
ter 15 jul 2025 20:17:32 -03 - SUCESSO: ZnO-3.01-1.55-121
ter 15 jul 2025 20:17:32 -03 - Início: ZnO-3.01-1.58-121
ter 15 jul 2025 20:19:09 -03 - SUCESSO: ZnO-3.01-1.58-121
ter 15 jul 2025 20:19:09 -03 - Início: ZnO-3.01-1.61-121
ter 15 jul 2025 20:20:45 -03 - SUCESSO: ZnO-3.01-1.61-121
ter 15 jul 2025 20:20:45 -03 - Início: ZnO-3.01-1.65-121
ter 15 jul 2025 20:22:22 -03 - SUCESSO: ZnO-3.01-1.65-121
ter 15 jul 2025 20:22:22 -03 - Início: ZnO-3.01-1.68-121
ter 15 jul 2025 20:23:59 -03 - SUCESSO: ZnO-3.01-1.68-121
ter 15 jul 2025 20:23:59 -03 - Início: ZnO-3.01-1.71-121
ter 15 jul 2025 20:25:35 -03 - SUCESSO: ZnO-3.01-1.71-121
ter 15 jul 2025 20:25:35 -03 - Início: ZnO-3.01-1.74-121
ter 15 jul 2025 20:27:12 -03 - SUCESSO: ZnO-3.01-1.74-121
ter 15 jul 2025 20:27:12 -03 - Início: ZnO-3.01-1.78-121
ter 15 jul 2025 20:28:49 -03 - SUCESSO: ZnO-3.01-1.78-121
ter 15 jul 2025 20:28:49 -03 - Início: ZnO-3.07-1.45-121
ter 15 jul 2025 20:30:26 -03 - SUCESSO: ZnO-3.07-1.45-121
ter 15 jul 2025 20:30:26 -03 - Início: ZnO-3.07-1.49-121
ter 15 jul 2025 20:32:03 -03 - SUCESSO: ZnO-3.07-1.49-121
ter 15 jul 2025 20:32:03 -03 - Início: ZnO-3.07-1.52-121
ter 15 jul 2025 20:33:39 -03 - SUCESSO: ZnO-3.07-1.52-121
ter 15 jul 2025 20:33:39 -03 - Início: ZnO-3.07-1.55-121
ter 15 jul 2025 20:35:16 -03 - SUCESSO: ZnO-3.07-1.55-121
ter 15 jul 2025 20:35:16 -03 - Início: ZnO-3.07-1.58-121
ter 15 jul 2025 20:36:53 -03 - SUCESSO: ZnO-3.07-1.58-121
ter 15 jul 2025 20:36:53 -03 - Início: ZnO-3.07-1.61-121
ter 15 jul 2025 20:38:30 -03 - SUCESSO: ZnO-3.07-1.61-121
ter 15 jul 2025 20:38:30 -03 - Início: ZnO-3.07-1.65-121
ter 15 jul 2025 20:40:07 -03 - SUCESSO: ZnO-3.07-1.65-121
ter 15 jul 2025 20:40:07 -03 - Início: ZnO-3.07-1.68-121
ter 15 jul 2025 20:41:43 -03 - SUCESSO: ZnO-3.07-1.68-121
ter 15 jul 2025 20:41:43 -03 - Início: ZnO-3.07-1.71-121
ter 15 jul 2025 20:43:20 -03 - SUCESSO: ZnO-3.07-1.71-121
ter 15 jul 2025 20:43:20 -03 - Início: ZnO-3.07-1.74-121
ter 15 jul 2025 20:44:57 -03 - SUCESSO: ZnO-3.07-1.74-121
ter 15 jul 2025 20:44:57 -03 - Início: ZnO-3.07-1.78-121
ter 15 jul 2025 20:46:34 -03 - SUCESSO: ZnO-3.07-1.78-121
ter 15 jul 2025 20:46:34 -03 - Início: ZnO-3.14-1.45-121
ter 15 jul 2025 20:48:11 -03 - SUCESSO: ZnO-3.14-1.45-121
ter 15 jul 2025 20:48:11 -03 - Início: ZnO-3.14-1.49-121
ter 15 jul 2025 20:49:47 -03 - SUCESSO: ZnO-3.14-1.49-121
ter 15 jul 2025 20:49:47 -03 - Início: ZnO-3.14-1.52-121
ter 15 jul 2025 20:51:24 -03 - SUCESSO: ZnO-3.14-1.52-121
ter 15 jul 2025 20:51:24 -03 - Início: ZnO-3.14-1.55-121
ter 15 jul 2025 20:53:01 -03 - SUCESSO: ZnO-3.14-1.55-121
ter 15 jul 2025 20:53:01 -03 - Início: ZnO-3.14-1.58-121
ter 15 jul 2025 20:54:38 -03 - SUCESSO: ZnO-3.14-1.58-121
ter 15 jul 2025 20:54:38 -03 - Início: ZnO-3.14-1.61-121
ter 15 jul 2025 20:56:15 -03 - SUCESSO: ZnO-3.14-1.61-121
ter 15 jul 2025 20:56:15 -03 - Início: ZnO-3.14-1.65-121
ter 15 jul 2025 20:57:51 -03 - SUCESSO: ZnO-3.14-1.65-121
ter 15 jul 2025 20:57:51 -03 - Início: ZnO-3.14-1.68-121
ter 15 jul 2025 20:59:28 -03 - SUCESSO: ZnO-3.14-1.68-121
ter 15 jul 2025 20:59:28 -03 - Início: ZnO-3.14-1.71-121
ter 15 jul 2025 21:01:05 -03 - SUCESSO: ZnO-3.14-1.71-121
ter 15 jul 2025 21:01:05 -03 - Início: ZnO-3.14-1.74-121
ter 15 jul 2025 21:02:42 -03 - SUCESSO: ZnO-3.14-1.74-121
ter 15 jul 2025 21:02:42 -03 - Início: ZnO-3.14-1.78-121
ter 15 jul 2025 21:04:19 -03 - SUCESSO: ZnO-3.14-1.78-121
ter 15 jul 2025 21:04:19 -03 - Início: ZnO-3.20-1.45-121
ter 15 jul 2025 21:05:56 -03 - SUCESSO: ZnO-3.20-1.45-121
ter 15 jul 2025 21:05:56 -03 - Início: ZnO-3.20-1.49-121
ter 15 jul 2025 21:07:33 -03 - SUCESSO: ZnO-3.20-1.49-121
ter 15 jul 2025 21:07:33 -03 - Início: ZnO-3.20-1.52-121
ter 15 jul 2025 21:09:09 -03 - SUCESSO: ZnO-3.20-1.52-121
ter 15 jul 2025 21:09:09 -03 - Início: ZnO-3.20-1.55-121
ter 15 jul 2025 21:10:46 -03 - SUCESSO: ZnO-3.20-1.55-121
ter 15 jul 2025 21:10:46 -03 - Início: ZnO-3.20-1.58-121
ter 15 jul 2025 21:12:24 -03 - SUCESSO: ZnO-3.20-1.58-121
ter 15 jul 2025 21:12:24 -03 - Início: ZnO-3.20-1.61-121
ter 15 jul 2025 21:14:01 -03 - SUCESSO: ZnO-3.20-1.61-121
ter 15 jul 2025 21:14:01 -03 - Início: ZnO-3.20-1.65-121
ter 15 jul 2025 21:15:38 -03 - SUCESSO: ZnO-3.20-1.65-121
ter 15 jul 2025 21:15:38 -03 - Início: ZnO-3.20-1.68-121
ter 15 jul 2025 21:17:15 -03 - SUCESSO: ZnO-3.20-1.68-121
ter 15 jul 2025 21:17:15 -03 - Início: ZnO-3.20-1.71-121
ter 15 jul 2025 21:18:52 -03 - SUCESSO: ZnO-3.20-1.71-121
ter 15 jul 2025 21:18:52 -03 - Início: ZnO-3.20-1.74-121
ter 15 jul 2025 21:20:28 -03 - SUCESSO: ZnO-3.20-1.74-121
ter 15 jul 2025 21:20:28 -03 - Início: ZnO-3.20-1.78-121
ter 15 jul 2025 21:22:05 -03 - SUCESSO: ZnO-3.20-1.78-121
ter 15 jul 2025 21:22:05 -03 - Início: ZnO-3.27-1.45-121
ter 15 jul 2025 21:23:42 -03 - SUCESSO: ZnO-3.27-1.45-121
ter 15 jul 2025 21:23:42 -03 - Início: ZnO-3.27-1.49-121
ter 15 jul 2025 21:25:19 -03 - SUCESSO: ZnO-3.27-1.49-121
ter 15 jul 2025 21:25:19 -03 - Início: ZnO-3.27-1.52-121
ter 15 jul 2025 21:26:56 -03 - SUCESSO: ZnO-3.27-1.52-121
ter 15 jul 2025 21:26:56 -03 - Início: ZnO-3.27-1.55-121
ter 15 jul 2025 21:28:33 -03 - SUCESSO: ZnO-3.27-1.55-121
ter 15 jul 2025 21:28:33 -03 - Início: ZnO-3.27-1.58-121
ter 15 jul 2025 21:30:09 -03 - SUCESSO: ZnO-3.27-1.58-121
ter 15 jul 2025 21:30:09 -03 - Início: ZnO-3.27-1.61-121
ter 15 jul 2025 21:31:46 -03 - SUCESSO: ZnO-3.27-1.61-121
ter 15 jul 2025 21:31:46 -03 - Início: ZnO-3.27-1.65-121
ter 15 jul 2025 21:33:24 -03 - SUCESSO: ZnO-3.27-1.65-121
ter 15 jul 2025 21:33:24 -03 - Início: ZnO-3.27-1.68-121
ter 15 jul 2025 21:35:00 -03 - SUCESSO: ZnO-3.27-1.68-121
ter 15 jul 2025 21:35:00 -03 - Início: ZnO-3.27-1.71-121
ter 15 jul 2025 21:36:37 -03 - SUCESSO: ZnO-3.27-1.71-121
ter 15 jul 2025 21:36:37 -03 - Início: ZnO-3.27-1.74-121
ter 15 jul 2025 21:38:14 -03 - SUCESSO: ZnO-3.27-1.74-121
ter 15 jul 2025 21:38:14 -03 - Início: ZnO-3.27-1.78-121
ter 15 jul 2025 21:39:51 -03 - SUCESSO: ZnO-3.27-1.78-121
ter 15 jul 2025 21:39:51 -03 - Início: ZnO-3.34-1.45-121
ter 15 jul 2025 21:41:28 -03 - SUCESSO: ZnO-3.34-1.45-121
ter 15 jul 2025 21:41:28 -03 - Início: ZnO-3.34-1.49-121
ter 15 jul 2025 21:43:05 -03 - SUCESSO: ZnO-3.34-1.49-121
ter 15 jul 2025 21:43:05 -03 - Início: ZnO-3.34-1.52-121
ter 15 jul 2025 21:44:42 -03 - SUCESSO: ZnO-3.34-1.52-121
ter 15 jul 2025 21:44:42 -03 - Início: ZnO-3.34-1.55-121
ter 15 jul 2025 21:46:19 -03 - SUCESSO: ZnO-3.34-1.55-121
ter 15 jul 2025 21:46:19 -03 - Início: ZnO-3.34-1.58-121
ter 15 jul 2025 21:47:55 -03 - SUCESSO: ZnO-3.34-1.58-121
ter 15 jul 2025 21:47:55 -03 - Início: ZnO-3.34-1.61-121
ter 15 jul 2025 21:49:32 -03 - SUCESSO: ZnO-3.34-1.61-121
ter 15 jul 2025 21:49:32 -03 - Início: ZnO-3.34-1.65-121
ter 15 jul 2025 21:51:09 -03 - SUCESSO: ZnO-3.34-1.65-121
ter 15 jul 2025 21:51:09 -03 - Início: ZnO-3.34-1.68-121
ter 15 jul 2025 21:52:46 -03 - SUCESSO: ZnO-3.34-1.68-121
ter 15 jul 2025 21:52:46 -03 - Início: ZnO-3.34-1.71-121
ter 15 jul 2025 21:54:22 -03 - SUCESSO: ZnO-3.34-1.71-121
ter 15 jul 2025 21:54:22 -03 - Início: ZnO-3.34-1.74-121
ter 15 jul 2025 21:56:00 -03 - SUCESSO: ZnO-3.34-1.74-121
ter 15 jul 2025 21:56:00 -03 - Início: ZnO-3.34-1.78-121
ter 15 jul 2025 21:57:37 -03 - SUCESSO: ZnO-3.34-1.78-121
ter 15 jul 2025 21:57:37 -03 - Início: ZnO-3.40-1.45-121
ter 15 jul 2025 21:59:14 -03 - SUCESSO: ZnO-3.40-1.45-121
ter 15 jul 2025 21:59:14 -03 - Início: ZnO-3.40-1.49-121
ter 15 jul 2025 22:00:51 -03 - SUCESSO: ZnO-3.40-1.49-121
ter 15 jul 2025 22:00:51 -03 - Início: ZnO-3.40-1.52-121
ter 15 jul 2025 22:02:29 -03 - SUCESSO: ZnO-3.40-1.52-121
ter 15 jul 2025 22:02:29 -03 - Início: ZnO-3.40-1.55-121
ter 15 jul 2025 22:04:05 -03 - SUCESSO: ZnO-3.40-1.55-121
ter 15 jul 2025 22:04:05 -03 - Início: ZnO-3.40-1.58-121
ter 15 jul 2025 22:05:42 -03 - SUCESSO: ZnO-3.40-1.58-121
ter 15 jul 2025 22:05:42 -03 - Início: ZnO-3.40-1.61-121
ter 15 jul 2025 22:07:20 -03 - SUCESSO: ZnO-3.40-1.61-121
ter 15 jul 2025 22:07:20 -03 - Início: ZnO-3.40-1.65-121
ter 15 jul 2025 22:08:56 -03 - SUCESSO: ZnO-3.40-1.65-121
ter 15 jul 2025 22:08:56 -03 - Início: ZnO-3.40-1.68-121
ter 15 jul 2025 22:10:33 -03 - SUCESSO: ZnO-3.40-1.68-121
ter 15 jul 2025 22:10:33 -03 - Início: ZnO-3.40-1.71-121
ter 15 jul 2025 22:12:09 -03 - SUCESSO: ZnO-3.40-1.71-121
ter 15 jul 2025 22:12:09 -03 - Início: ZnO-3.40-1.74-121
ter 15 jul 2025 22:13:47 -03 - SUCESSO: ZnO-3.40-1.74-121
ter 15 jul 2025 22:13:47 -03 - Início: ZnO-3.40-1.78-121
ter 15 jul 2025 22:15:24 -03 - SUCESSO: ZnO-3.40-1.78-121
ter 15 jul 2025 22:15:24 -03 - Início: ZnO-3.47-1.45-121
ter 15 jul 2025 22:17:01 -03 - SUCESSO: ZnO-3.47-1.45-121
ter 15 jul 2025 22:17:01 -03 - Início: ZnO-3.47-1.49-121
ter 15 jul 2025 22:18:38 -03 - SUCESSO: ZnO-3.47-1.49-121
ter 15 jul 2025 22:18:38 -03 - Início: ZnO-3.47-1.52-121
ter 15 jul 2025 22:20:15 -03 - SUCESSO: ZnO-3.47-1.52-121
ter 15 jul 2025 22:20:15 -03 - Início: ZnO-3.47-1.55-121
ter 15 jul 2025 22:21:51 -03 - SUCESSO: ZnO-3.47-1.55-121
ter 15 jul 2025 22:21:51 -03 - Início: ZnO-3.47-1.58-121
ter 15 jul 2025 22:23:29 -03 - SUCESSO: ZnO-3.47-1.58-121
ter 15 jul 2025 22:23:29 -03 - Início: ZnO-3.47-1.61-121
ter 15 jul 2025 22:25:05 -03 - SUCESSO: ZnO-3.47-1.61-121
ter 15 jul 2025 22:25:05 -03 - Início: ZnO-3.47-1.65-121
ter 15 jul 2025 22:26:42 -03 - SUCESSO: ZnO-3.47-1.65-121
ter 15 jul 2025 22:26:42 -03 - Início: ZnO-3.47-1.68-121
ter 15 jul 2025 22:28:19 -03 - SUCESSO: ZnO-3.47-1.68-121
ter 15 jul 2025 22:28:19 -03 - Início: ZnO-3.47-1.71-121
ter 15 jul 2025 22:29:56 -03 - SUCESSO: ZnO-3.47-1.71-121
ter 15 jul 2025 22:29:56 -03 - Início: ZnO-3.47-1.74-121
ter 15 jul 2025 22:31:33 -03 - SUCESSO: ZnO-3.47-1.74-121
ter 15 jul 2025 22:31:33 -03 - Início: ZnO-3.47-1.78-121
ter 15 jul 2025 22:33:10 -03 - SUCESSO: ZnO-3.47-1.78-121
ter 15 jul 2025 22:33:10 -03 - Início: ZnO-3.53-1.45-121
ter 15 jul 2025 22:34:47 -03 - SUCESSO: ZnO-3.53-1.45-121
ter 15 jul 2025 22:34:47 -03 - Início: ZnO-3.53-1.49-121
ter 15 jul 2025 22:36:25 -03 - SUCESSO: ZnO-3.53-1.49-121
ter 15 jul 2025 22:36:25 -03 - Início: ZnO-3.53-1.52-121
ter 15 jul 2025 22:38:02 -03 - SUCESSO: ZnO-3.53-1.52-121
ter 15 jul 2025 22:38:02 -03 - Início: ZnO-3.53-1.55-121
ter 15 jul 2025 22:39:39 -03 - SUCESSO: ZnO-3.53-1.55-121
ter 15 jul 2025 22:39:39 -03 - Início: ZnO-3.53-1.58-121
ter 15 jul 2025 22:41:16 -03 - SUCESSO: ZnO-3.53-1.58-121
ter 15 jul 2025 22:41:16 -03 - Início: ZnO-3.53-1.61-121
ter 15 jul 2025 22:42:53 -03 - SUCESSO: ZnO-3.53-1.61-121
ter 15 jul 2025 22:42:53 -03 - Início: ZnO-3.53-1.65-121
ter 15 jul 2025 22:44:29 -03 - SUCESSO: ZnO-3.53-1.65-121
ter 15 jul 2025 22:44:29 -03 - Início: ZnO-3.53-1.68-121
ter 15 jul 2025 22:46:06 -03 - SUCESSO: ZnO-3.53-1.68-121
ter 15 jul 2025 22:46:06 -03 - Início: ZnO-3.53-1.71-121
ter 15 jul 2025 22:47:43 -03 - SUCESSO: ZnO-3.53-1.71-121
ter 15 jul 2025 22:47:43 -03 - Início: ZnO-3.53-1.74-121
ter 15 jul 2025 22:49:20 -03 - SUCESSO: ZnO-3.53-1.74-121
ter 15 jul 2025 22:49:20 -03 - Início: ZnO-3.53-1.78-121
ter 15 jul 2025 22:50:57 -03 - SUCESSO: ZnO-3.53-1.78-121
ter 15 jul 2025 22:50:57 -03 - Início: ZnO-3.60-1.45-121
ter 15 jul 2025 22:52:33 -03 - SUCESSO: ZnO-3.60-1.45-121
ter 15 jul 2025 22:52:33 -03 - Início: ZnO-3.60-1.49-121
ter 15 jul 2025 22:54:10 -03 - SUCESSO: ZnO-3.60-1.49-121
ter 15 jul 2025 22:54:10 -03 - Início: ZnO-3.60-1.52-121
ter 15 jul 2025 22:55:47 -03 - SUCESSO: ZnO-3.60-1.52-121
ter 15 jul 2025 22:55:47 -03 - Início: ZnO-3.60-1.55-121
ter 15 jul 2025 22:57:24 -03 - SUCESSO: ZnO-3.60-1.55-121
ter 15 jul 2025 22:57:24 -03 - Início: ZnO-3.60-1.58-121
ter 15 jul 2025 22:59:01 -03 - SUCESSO: ZnO-3.60-1.58-121
ter 15 jul 2025 22:59:01 -03 - Início: ZnO-3.60-1.61-121
ter 15 jul 2025 23:00:38 -03 - SUCESSO: ZnO-3.60-1.61-121
ter 15 jul 2025 23:00:38 -03 - Início: ZnO-3.60-1.65-121
ter 15 jul 2025 23:02:16 -03 - SUCESSO: ZnO-3.60-1.65-121
ter 15 jul 2025 23:02:16 -03 - Início: ZnO-3.60-1.68-121
ter 15 jul 2025 23:03:53 -03 - SUCESSO: ZnO-3.60-1.68-121
ter 15 jul 2025 23:03:53 -03 - Início: ZnO-3.60-1.71-121
ter 15 jul 2025 23:05:30 -03 - SUCESSO: ZnO-3.60-1.71-121
ter 15 jul 2025 23:05:30 -03 - Início: ZnO-3.60-1.74-121
ter 15 jul 2025 23:07:06 -03 - SUCESSO: ZnO-3.60-1.74-121
ter 15 jul 2025 23:07:06 -03 - Início: ZnO-3.60-1.78-121
ter 15 jul 2025 23:08:43 -03 - SUCESSO: ZnO-3.60-1.78-121
--------------------------------
Total: 121 jobs
Sucessos: 121 | Falhas: 0
